2023-08-06 08:52:34.967481 - Initialized conversion of CBT985
2023-08-06 08:52:35.856580 - Received CBT.V505.FILE985.PDS from FILE985.XMI 
2023-08-06 08:52:35.858982 - Found $$$#DATE.txt (text/plain) in CBT.V505.FILE985.PDS, moved to PDS/$$$#DATE
2023-08-06 08:52:35.858992 - Found $$NOTE01.bin containing application/octet-stream, moved to PDS/$$NOTE01
2023-08-06 08:52:35.861065 - Found $$NOTE02.txt (text/plain) in CBT.V505.FILE985.PDS, moved to PDS/$$NOTE02
2023-08-06 08:52:35.861936 - Found $$NOTE03.txt (text/plain) in CBT.V505.FILE985.PDS, moved to PDS/$$NOTE03
2023-08-06 08:52:35.862912 - Found $$README.txt (text/plain) in CBT.V505.FILE985.PDS, moved to PDS/$$README
2023-08-06 08:52:35.863738 - Found $$READM2.txt (text/plain) in CBT.V505.FILE985.PDS, moved to PDS/$$READM2
2023-08-06 08:52:35.864512 - Found @FILE985.txt (text/plain) in CBT.V505.FILE985.PDS, moved to PDS/@FILE985
2023-08-06 08:52:35.865327 - Found ABO.rexx (text/plain) in CBT.V505.FILE985.PDS, moved to PDS/ABO
2023-08-06 08:52:35.866256 - Found ACK.txt (text/plain) in CBT.V505.FILE985.PDS, moved to PDS/ACK
2023-08-06 08:52:35.867094 - Found ARCH.rexx (text/plain) in CBT.V505.FILE985.PDS, moved to PDS/ARCH
2023-08-06 08:52:35.867882 - Found BG.rexx (text/plain) in CBT.V505.FILE985.PDS, moved to PDS/BG
2023-08-06 08:52:35.868666 - Found BPXWUNIX.x-c (text/x-c) in CBT.V505.FILE985.PDS, moved to PDS/BPXWUNIX
2023-08-06 08:52:35.869583 - Found BZIP2.jcl (text/plain) in CBT.V505.FILE985.PDS, moved to PDS/BZIP2
2023-08-06 08:52:35.870468 - Found C.rexx (text/plain) in CBT.V505.FILE985.PDS, moved to PDS/C
2023-08-06 08:52:35.871304 - Found CMD.rexx (text/plain) in CBT.V505.FILE985.PDS, moved to PDS/CMD
2023-08-06 08:52:35.872131 - Found COBOLCK.rexx (text/plain) in CBT.V505.FILE985.PDS, moved to PDS/COBOLCK
2023-08-06 08:52:35.873021 - Found CODEPAGE.rexx (text/plain) in CBT.V505.FILE985.PDS, moved to PDS/CODEPAGE
2023-08-06 08:52:35.873964 - Found CP.rexx (text/plain) in CBT.V505.FILE985.PDS, moved to PDS/CP
2023-08-06 08:52:35.874855 - Found DDN.rexx (text/plain) in CBT.V505.FILE985.PDS, moved to PDS/DDN
2023-08-06 08:52:35.875664 - Found DELDEF.txt (text/plain) in CBT.V505.FILE985.PDS, moved to PDS/DELDEF
2023-08-06 08:52:35.876467 - Found DS.rexx (text/plain) in CBT.V505.FILE985.PDS, moved to PDS/DS
2023-08-06 08:52:35.877313 - Found DSM.rexx (text/plain) in CBT.V505.FILE985.PDS, moved to PDS/DSM
2023-08-06 08:52:35.878280 - Found DUMPTY.rexx (text/plain) in CBT.V505.FILE985.PDS, moved to PDS/DUMPTY
2023-08-06 08:52:35.879287 - Found DUP.rexx (text/plain) in CBT.V505.FILE985.PDS, moved to PDS/DUP
2023-08-06 08:52:35.880211 - Found EDITLOAD.rexx (text/plain) in CBT.V505.FILE985.PDS, moved to PDS/EDITLOAD
2023-08-06 08:52:35.881125 - Found EDITXMIT.rexx (text/plain) in CBT.V505.FILE985.PDS, moved to PDS/EDITXMIT
2023-08-06 08:52:35.882115 - Found E2U.rexx (text/plain) in CBT.V505.FILE985.PDS, moved to PDS/E2U
2023-08-06 08:52:35.883031 - Found FLAT.rexx (text/plain) in CBT.V505.FILE985.PDS, moved to PDS/FLAT
2023-08-06 08:52:35.883847 - Found FORALLD.rexx (text/plain) in CBT.V505.FILE985.PDS, moved to PDS/FORALLD
2023-08-06 08:52:35.884753 - Found FORALLM.rexx (text/plain) in CBT.V505.FILE985.PDS, moved to PDS/FORALLM
2023-08-06 08:52:35.885811 - Found FROM.rexx (text/plain) in CBT.V505.FILE985.PDS, moved to PDS/FROM
2023-08-06 08:52:35.886752 - Found FTPUTF8.jcl (text/plain) in CBT.V505.FILE985.PDS, moved to PDS/FTPUTF8
2023-08-06 08:52:35.887662 - Found FTPUTF8S.jcl (text/plain) in CBT.V505.FILE985.PDS, moved to PDS/FTPUTF8S
2023-08-06 08:52:35.888476 - Found FTP1252.jcl (text/plain) in CBT.V505.FILE985.PDS, moved to PDS/FTP1252
2023-08-06 08:52:35.889350 - Found GENERIC.rexx (text/plain) in CBT.V505.FILE985.PDS, moved to PDS/GENERIC
2023-08-06 08:52:35.890335 - Found GLASSES.rexx (text/plain) in CBT.V505.FILE985.PDS, moved to PDS/GLASSES
2023-08-06 08:52:35.891303 - Found GREPIT.rexx (text/plain) in CBT.V505.FILE985.PDS, moved to PDS/GREPIT
2023-08-06 08:52:35.892123 - Found GREPLIB.jcl (text/plain) in CBT.V505.FILE985.PDS, moved to PDS/GREPLIB
2023-08-06 08:52:35.893059 - Found GREP01.jcl (text/plain) in CBT.V505.FILE985.PDS, moved to PDS/GREP01
2023-08-06 08:52:35.894020 - Found GUESSUTF.rexx (text/plain) in CBT.V505.FILE985.PDS, moved to PDS/GUESSUTF
2023-08-06 08:52:35.895058 - Found HEREDOC.txt (text/plain) in CBT.V505.FILE985.PDS, moved to PDS/HEREDOC
2023-08-06 08:52:35.896007 - Found HISTORY.rexx (text/plain) in CBT.V505.FILE985.PDS, moved to PDS/HISTORY
2023-08-06 08:52:35.896965 - Found HUMPTY.rexx (text/plain) in CBT.V505.FILE985.PDS, moved to PDS/HUMPTY
2023-08-06 08:52:35.897878 - Found ID.rexx (text/plain) in CBT.V505.FILE985.PDS, moved to PDS/ID
2023-08-06 08:52:35.898811 - Found INVOKED.rexx (text/plain) in CBT.V505.FILE985.PDS, moved to PDS/INVOKED
2023-08-06 08:52:35.899769 - Found JAVA.jcl (text/x-c) in CBT.V505.FILE985.PDS, moved to PDS/JAVA
2023-08-06 08:52:35.900665 - Found JULIE.rexx (text/plain) in CBT.V505.FILE985.PDS, moved to PDS/JULIE
2023-08-06 08:52:35.901647 - Found JULY.rexx (text/plain) in CBT.V505.FILE985.PDS, moved to PDS/JULY
2023-08-06 08:52:35.902562 - Found LASTCMD.rexx (text/plain) in CBT.V505.FILE985.PDS, moved to PDS/LASTCMD
2023-08-06 08:52:35.903432 - Found LAZY.rexx (text/plain) in CBT.V505.FILE985.PDS, moved to PDS/LAZY
2023-08-06 08:52:35.904297 - Found LK.rexx (text/plain) in CBT.V505.FILE985.PDS, moved to PDS/LK
2023-08-06 08:52:35.905188 - Found LMA.rexx (text/plain) in CBT.V505.FILE985.PDS, moved to PDS/LMA
2023-08-06 08:52:35.906157 - Found LMCOPY.txt (text/plain) in CBT.V505.FILE985.PDS, moved to PDS/LMCOPY
2023-08-06 08:52:35.907056 - Found LMMSTATS.rexx (text/plain) in CBT.V505.FILE985.PDS, moved to PDS/LMMSTATS
2023-08-06 08:52:35.907934 - Found L2.rexx (text/plain) in CBT.V505.FILE985.PDS, moved to PDS/L2
2023-08-06 08:52:35.908806 - Found MAC.rexx (text/plain) in CBT.V505.FILE985.PDS, moved to PDS/MAC
2023-08-06 08:52:35.909784 - Found MACEDIT.rexx (text/plain) in CBT.V505.FILE985.PDS, moved to PDS/MACEDIT
2023-08-06 08:52:35.910767 - Found MAC01.rexx (text/plain) in CBT.V505.FILE985.PDS, moved to PDS/MAC01
2023-08-06 08:52:35.911672 - Found MAN.rexx (text/plain) in CBT.V505.FILE985.PDS, moved to PDS/MAN
2023-08-06 08:52:35.912600 - Found O.rexx (text/plain) in CBT.V505.FILE985.PDS, moved to PDS/O
2023-08-06 08:52:35.913550 - Found OD.rexx (text/plain) in CBT.V505.FILE985.PDS, moved to PDS/OD
2023-08-06 08:52:35.914422 - Found PARM.rexx (text/plain) in CBT.V505.FILE985.PDS, moved to PDS/PARM
2023-08-06 08:52:35.915390 - Found PARMLI.txt (text/plain) in CBT.V505.FILE985.PDS, moved to PDS/PARMLI
2023-08-06 08:52:35.916317 - Found PARMLIB.txt (text/plain) in CBT.V505.FILE985.PDS, moved to PDS/PARMLIB
2023-08-06 08:52:35.917299 - Found PROCLIB.rexx (text/plain) in CBT.V505.FILE985.PDS, moved to PDS/PROCLIB
2023-08-06 08:52:35.918177 - Found RELINK.rexx (text/plain) in CBT.V505.FILE985.PDS, moved to PDS/RELINK
2023-08-06 08:52:35.919136 - Found RETP.rexx (text/plain) in CBT.V505.FILE985.PDS, moved to PDS/RETP
2023-08-06 08:52:35.920048 - Found REXXMAC.rexx (text/plain) in CBT.V505.FILE985.PDS, moved to PDS/REXXMAC
2023-08-06 08:52:35.921031 - Found REXX2MAC.rexx (text/plain) in CBT.V505.FILE985.PDS, moved to PDS/REXX2MAC
2023-08-06 08:52:35.921978 - Found SAV.rexx (text/plain) in CBT.V505.FILE985.PDS, moved to PDS/SAV
2023-08-06 08:52:35.922909 - Found SCR.rexx (text/plain) in CBT.V505.FILE985.PDS, moved to PDS/SCR
2023-08-06 08:52:35.923851 - Found SD.rexx (text/plain) in CBT.V505.FILE985.PDS, moved to PDS/SD
2023-08-06 08:52:35.924781 - Found SFGREP.rexx (text/plain) in CBT.V505.FILE985.PDS, moved to PDS/SFGREP
2023-08-06 08:52:35.925751 - Found SHOWHELP.txt (text/plain) in CBT.V505.FILE985.PDS, moved to PDS/SHOWHELP
2023-08-06 08:52:35.926692 - Found SOURCE.rexx (text/plain) in CBT.V505.FILE985.PDS, moved to PDS/SOURCE
2023-08-06 08:52:35.927642 - Found SPLIT.rexx (text/plain) in CBT.V505.FILE985.PDS, moved to PDS/SPLIT
2023-08-06 08:52:35.928570 - Found SSI.rexx (text/plain) in CBT.V505.FILE985.PDS, moved to PDS/SSI
2023-08-06 08:52:35.929506 - Found STRINGS.rexx (text/plain) in CBT.V505.FILE985.PDS, moved to PDS/STRINGS
2023-08-06 08:52:35.930407 - Found SUBBAT.jcl (text/plain) in CBT.V505.FILE985.PDS, moved to PDS/SUBBAT
2023-08-06 08:52:35.931331 - Found T.rexx (text/plain) in CBT.V505.FILE985.PDS, moved to PDS/T
2023-08-06 08:52:35.931341 - Found TALLYCH.bin containing application/octet-stream, moved to PDS/TALLYCH
2023-08-06 08:52:35.933180 - Found TO.rexx (text/plain) in CBT.V505.FILE985.PDS, moved to PDS/TO
2023-08-06 08:52:35.934129 - Found TOPDSE.jcl (text/plain) in CBT.V505.FILE985.PDS, moved to PDS/TOPDSE
2023-08-06 08:52:35.935103 - Found U.rexx (text/plain) in CBT.V505.FILE985.PDS, moved to PDS/U
2023-08-06 08:52:35.935984 - Found UNFLAT.rexx (text/plain) in CBT.V505.FILE985.PDS, moved to PDS/UNFLAT
2023-08-06 08:52:35.936860 - Found UNIX.rexx (text/plain) in CBT.V505.FILE985.PDS, moved to PDS/UNIX
2023-08-06 08:52:35.937796 - Found UNIXEDIT.txt (text/plain) in CBT.V505.FILE985.PDS, moved to PDS/UNIXEDIT
2023-08-06 08:52:35.938666 - Found UX.rexx (text/plain) in CBT.V505.FILE985.PDS, moved to PDS/UX
2023-08-06 08:52:35.939502 - Found U2E.rexx (text/plain) in CBT.V505.FILE985.PDS, moved to PDS/U2E
2023-08-06 08:52:35.940320 - Found VIEWIT.rexx (text/plain) in CBT.V505.FILE985.PDS, moved to PDS/VIEWIT
2023-08-06 08:52:35.941152 - Found VIEWLOAD.rexx (text/plain) in CBT.V505.FILE985.PDS, moved to PDS/VIEWLOAD
2023-08-06 08:52:35.942011 - Found VU.rexx (text/plain) in CBT.V505.FILE985.PDS, moved to PDS/VU
2023-08-06 08:52:35.942941 - Found V2.rexx (text/plain) in CBT.V505.FILE985.PDS, moved to PDS/V2
2023-08-06 08:52:35.943892 - Found WAIT.txt (text/plain) in CBT.V505.FILE985.PDS, moved to PDS/WAIT
2023-08-06 08:52:35.944761 - Found WHERE.jcl (text/plain) in CBT.V505.FILE985.PDS, moved to PDS/WHERE
2023-08-06 08:52:35.945591 - Found WHOHAS.rexx (text/plain) in CBT.V505.FILE985.PDS, moved to PDS/WHOHAS
